<?xml version="1.0" encoding="UTF-8"?>
<testsuite xmlns:xsi="http://www.w3.org/2001/XMLSchema-instance" xsi:noNamespaceSchemaLocation="https://maven.apache.org/surefire/maven-surefire-plugin/xsd/surefire-test-report-3.0.xsd" version="3.0" name="utils.CheckerTest" time="0.06" tests="9" errors="0" skipped="0" failures="0">
  <properties>
[...]
</properties>
  <testcase name="trueHitTest" classname="utils.CheckerTest" time="0.005"/>
  <testcase name="missTest" classname="utils.CheckerTest" time="0.0"/>
  <testcase name="borderR" classname="utils.CheckerTest" time="0.0"/>
  <testcase name="borderX" classname="utils.CheckerTest" time="0.0"/>
  <testcase name="borderY" classname="utils.CheckerTest" time="0.0"/>
  <testcase name="validHitTest" classname="utils.CheckerTest" time="0.0"/>
  <testcase name="invalidR" classname="utils.CheckerTest" time="0.0"/>
  <testcase name="invalidX" classname="utils.CheckerTest" time="0.0"/>
  <testcase name="invalidY" classname="utils.CheckerTest" time="0.0"/>
</testsuite>